#
# A fatal error has been detected by the Java Runtime Environment:
#
#  Internal Error (javaCalls.cpp:51), pid=10392, tid=0x0000000000002fd0
#  guarantee(thread->is_Java_thread()) failed: crucial check - the VM thread cannot and must not escape to Java code
#
# JRE version: Java(TM) SE Runtime Environment (8.0_201-b09) (build 1.8.0_201-b09)
# Java VM: Java HotSpot(TM) 64-Bit Server VM (25.201-b09 mixed mode windows-amd64 compressed oops)
# Failed to write core dump. Minidumps are not enabled by default on client versions of Windows
#
# If you would like to submit a bug report, please visit:
#   http://bugreport.java.com/bugreport/crash.jsp
#

---------------  T H R E A D  ---------------

Current thread (0x000000001c657800):  VMThread [stack: 0x000000001d710000,0x000000001d810000] [id=12240]

Stack: [0x000000001d710000,0x000000001d810000]
[error occurred during error reporting (printing stack bounds), id 0xc0000005]

Native frames: (J=compiled Java code, j=interpreted, Vv=VM code, C=native code)

VM_Operation (0x000000001e14f7f0): GetOrSetLocal, mode: safepoint, requested by thread 0x000000001c6a8800


---------------  P R O C E S S  ---------------

Java Threads: ( => current thread )
  0x000000001f9b8000 JavaThread "Okio Watchdog" daemon [_thread_blocked, id=17712, stack(0x0000000021520000,0x0000000021620000)]
  0x000000001f96f000 JavaThread "Exec Stream Pumper" daemon [_thread_in_native, id=1472, stack(0x0000000021020000,0x0000000021120000)]
  0x000000001f96e000 JavaThread "Exec Stream Pumper" daemon [_thread_in_native, id=10528, stack(0x0000000020e20000,0x0000000020f20000)]
  0x000000001f713800 JavaThread "Exec Default Executor" daemon [_thread_in_native, id=15092, stack(0x0000000020c20000,0x0000000020d20000)]
  0x000000001ef53000 JavaThread "ReaderThread" [_thread_in_native, id=2312, stack(0x000000001f550000,0x000000001f650000)]
  0x000000001e49c000 JavaThread "Service Thread" daemon [_thread_blocked, id=13056, stack(0x000000001ea50000,0x000000001eb50000)]
  0x000000001c6ee800 JavaThread "C1 CompilerThread2" daemon [_thread_blocked, id=1336, stack(0x000000001e950000,0x000000001ea50000)]
  0x000000001c6ed800 JavaThread "C2 CompilerThread1" daemon [_thread_blocked, id=10572, stack(0x000000001e850000,0x000000001e950000)]
  0x000000001c6c5000 JavaThread "C2 CompilerThread0" daemon [_thread_blocked, id=18916, stack(0x000000001e350000,0x000000001e450000)]
  0x000000001c6b9000 JavaThread "JDWP Command Reader" daemon [_thread_in_native, id=18748, stack(0x000000001e250000,0x000000001e350000)]
  0x000000001c6b6000 JavaThread "JDWP Event Helper Thread" daemon [_thread_blocked, id=4412, stack(0x000000001e150000,0x000000001e250000)]
  0x000000001c6a8800 JavaThread "JDWP Transport Listener: dt_socket" daemon [_thread_blocked, id=14416, stack(0x000000001e050000,0x000000001e150000)]
  0x000000001c69c000 JavaThread "Attach Listener" daemon [_thread_blocked, id=18364, stack(0x000000001dc10000,0x000000001dd10000)]
  0x000000001c69b000 JavaThread "Signal Dispatcher" daemon [_thread_blocked, id=11848, stack(0x000000001db10000,0x000000001dc10000)]
  0x00000000030ae000 JavaThread "Finalizer" daemon [_thread_blocked, id=9204, stack(0x000000001d910000,0x000000001da10000)]
  0x00000000030a5000 JavaThread "Reference Handler" daemon [_thread_blocked, id=13520, stack(0x000000001d810000,0x000000001d910000)]
  0x0000000002fb5000 JavaThread "main" [_thread_blocked, id=12668, stack(0x0000000002e60000,0x0000000002f60000)]

Other Threads:
=>0x000000001c657800 VMThread [stack: 0x000000001d710000,0x000000001d810000] [id=12240]
  0x000000001e4b2000 WatcherThread [stack: 0x000000001eb50000,0x000000001ec50000] [id=14404]

VM state:at safepoint (normal execution)

VM Mutex/Monitor currently owned by a thread:  ([mutex/lock_event])
[0x0000000002fb21d0] Threads_lock - owner thread: 0x000000001c657800

heap address: 0x00000006c1a00000, size: 4070 MB, Compressed Oops mode: Zero based, Oop shift amount: 3
Narrow klass base: 0x0000000000000000, Narrow klass shift: 3
Compressed class space size: 1073741824 Address: 0x00000007c0000000

Heap:
 PSYoungGen      total 76288K, used 40710K [0x000000076b380000, 0x0000000770880000, 0x00000007c0000000)
  eden space 65536K, 46% used [0x000000076b380000,0x000000076d160028,0x000000076f380000)
  from space 10752K, 94% used [0x000000076f380000,0x000000076fd61920,0x000000076fe00000)
  to   space 10752K, 0% used [0x000000076fe00000,0x000000076fe00000,0x0000000770880000)
 ParOldGen       total 175104K, used 80K [0x00000006c1a00000, 0x00000006cc500000, 0x000000076b380000)
  object space 175104K, 0% used [0x00000006c1a00000,0x00000006c1a14010,0x00000006cc500000)
 Metaspace       used 19837K, capacity 20666K, committed 20736K, reserved 1067008K
  class space    used 2254K, capacity 2491K, committed 2560K, reserved 1048576K

Card table byte_map: [0x0000000012470000,0x0000000012c70000] byte_map_base: 0x000000000ee63000

Marking Bits: (ParMarkBitMap*) 0x000000005ef94ce0
 Begin Bits: [0x00000000135c0000, 0x0000000017558000)
 End Bits:   [0x0000000017558000, 0x000000001b4f0000)

Polling page: 0x00000000015c0000

CodeCache: size=245760Kb used=6353Kb max_used=6367Kb free=239406Kb
 bounds [0x00000000030b0000, 0x00000000036f0000, 0x00000000120b0000]
 total_blobs=2305 nmethods=1861 adapters=364
 compilation: enabled

Compilation events (10 events):
Event: 10.758 Thread 0x000000001c6ee800 nmethod 1858 0x00000000036e3010 code [0x00000000036e31c0, 0x00000000036e35c8]
Event: 10.758 Thread 0x000000001c6ee800 1859       3       java.util.Formatter$FormatSpecifier::conversion (94 bytes)
Event: 10.760 Thread 0x000000001c6ee800 nmethod 1859 0x00000000036e3810 code [0x00000000036e3aa0, 0x00000000036e48c8]
Event: 10.760 Thread 0x000000001c6ee800 1860       3       java.util.Formatter$Conversion::isText (32 bytes)
Event: 10.760 Thread 0x000000001c6ee800 nmethod 1860 0x00000000036dfc50 code [0x00000000036dfda0, 0x00000000036dfef0]
Event: 10.760 Thread 0x000000001c6ee800 1861       3       java.util.Formatter$Conversion::isValid (47 bytes)
Event: 10.760 Thread 0x000000001c6ee800 nmethod 1861 0x00000000036e5150 code [0x00000000036e52e0, 0x00000000036e5728]
Event: 10.770 Thread 0x000000001c6ed800 nmethod 1855 0x00000000036e9090 code [0x00000000036e9240, 0x00000000036e9de8]
Event: 10.840 Thread 0x000000001c6ee800 1862       1       java.util.TreeMap::access$100 (5 bytes)
Event: 10.840 Thread 0x000000001c6ee800 nmethod 1862 0x00000000036df990 code [0x00000000036dfae0, 0x00000000036dfbd0]

GC Heap History (2 events):
Event: 3.820 GC heap before
{Heap before GC invocations=1 (full 0):
 PSYoungGen      total 76288K, used 65536K [0x000000076b380000, 0x0000000770880000, 0x00000007c0000000)
  eden space 65536K, 100% used [0x000000076b380000,0x000000076f380000,0x000000076f380000)
  from space 10752K, 0% used [0x000000076fe00000,0x000000076fe00000,0x0000000770880000)
  to   space 10752K, 0% used [0x000000076f380000,0x000000076f380000,0x000000076fe00000)
 ParOldGen       total 175104K, used 0K [0x00000006c1a00000, 0x00000006cc500000, 0x000000076b380000)
  object space 175104K, 0% used [0x00000006c1a00000,0x00000006c1a00000,0x00000006cc500000)
 Metaspace       used 17433K, capacity 18164K, committed 18432K, reserved 1064960K
  class space    used 2020K, capacity 2202K, committed 2304K, reserved 1048576K
Event: 3.835 GC heap after
Heap after GC invocations=1 (full 0):
 PSYoungGen      total 76288K, used 10118K [0x000000076b380000, 0x0000000770880000, 0x00000007c0000000)
  eden space 65536K, 0% used [0x000000076b380000,0x000000076b380000,0x000000076f380000)
  from space 10752K, 94% used [0x000000076f380000,0x000000076fd61920,0x000000076fe00000)
  to   space 10752K, 0% used [0x000000076fe00000,0x000000076fe00000,0x0000000770880000)
 ParOldGen       total 175104K, used 80K [0x00000006c1a00000, 0x00000006cc500000, 0x000000076b380000)
  object space 175104K, 0% used [0x00000006c1a00000,0x00000006c1a14010,0x00000006cc500000)
 Metaspace       used 17433K, capacity 18164K, committed 18432K, reserved 1064960K
  class space    used 2020K, capacity 2202K, committed 2304K, reserved 1048576K
}

Deoptimization events (10 events):
Event: 3.627 Thread 0x0000000002fb5000 Uncommon trap: reason=class_check action=maybe_recompile pc=0x00000000034e7418 method=java.util.regex.Matcher.search(I)Z @ 86
Event: 3.627 Thread 0x0000000002fb5000 Uncommon trap: reason=class_check action=maybe_recompile pc=0x00000000034e7418 method=java.util.regex.Matcher.search(I)Z @ 86
Event: 3.627 Thread 0x0000000002fb5000 Uncommon trap: reason=class_check action=maybe_recompile pc=0x00000000034a542c method=java.util.regex.Pattern$Curly.match(Ljava/util/regex/Matcher;ILjava/lang/CharSequence;)Z @ 19
Event: 3.644 Thread 0x0000000002fb5000 Uncommon trap: reason=class_check action=maybe_recompile pc=0x00000000034a542c method=java.util.regex.Pattern$Curly.match(Ljava/util/regex/Matcher;ILjava/lang/CharSequence;)Z @ 19
Event: 3.644 Thread 0x0000000002fb5000 Uncommon trap: reason=class_check action=maybe_recompile pc=0x00000000034a542c method=java.util.regex.Pattern$Curly.match(Ljava/util/regex/Matcher;ILjava/lang/CharSequence;)Z @ 19
Event: 3.758 Thread 0x0000000002fb5000 Uncommon trap: reason=unstable_if action=reinterpret pc=0x00000000034166bc method=java.util.regex.Pattern$BmpCharProperty.match(Ljava/util/regex/Matcher;ILjava/lang/CharSequence;)Z @ 34
Event: 5.070 Thread 0x0000000002fb5000 Uncommon trap: reason=class_check action=maybe_recompile pc=0x00000000035dfe54 method=org.openqa.selenium.json.Input.init()V @ 18
Event: 5.070 Thread 0x0000000002fb5000 Uncommon trap: reason=class_check action=maybe_recompile pc=0x00000000035dfe54 method=org.openqa.selenium.json.Input.init()V @ 18
Event: 5.070 Thread 0x0000000002fb5000 Uncommon trap: reason=class_check action=maybe_recompile pc=0x00000000035dfe54 method=org.openqa.selenium.json.Input.init()V @ 18
Event: 5.070 Thread 0x0000000002fb5000 Uncommon trap: reason=class_check action=maybe_recompile pc=0x00000000035dfe54 method=org.openqa.selenium.json.Input.init()V @ 18

Classes redefined (10 events):
Event: 4800.539 Thread 0x000000001c657800 redefined class name=Modules.TransactionManag, count=29
Event: 4994.171 Thread 0x000000001c657800 redefined class name=Modules.TransactionManag, count=30
Event: 5082.342 Thread 0x000000001c657800 redefined class name=Modules.TransactionManag, count=31
Event: 5151.251 Thread 0x000000001c657800 redefined class name=Modules.TransactionManag, count=32
Event: 5320.516 Thread 0x000000001c657800 redefined class name=Modules.TransactionManag, count=33
Event: 6513.343 Thread 0x000000001c657800 redefined class name=Modules.TransactionManag, count=34
Event: 6598.680 Thread 0x000000001c657800 redefined class name=Modules.TransactionManag, count=35
Event: 6648.821 Thread 0x000000001c657800 redefined class name=Modules.TransactionManag, count=36
Event: 6782.415 Thread 0x000000001c657800 redefined class name=Modules.TransactionManag, count=37
Event: 6941.793 Thread 0x000000001c657800 redefined class name=Modules.TransactionManag, count=38

Internal exceptions (10 events):
Event: 8.426 Thread 0x0000000002fb5000 Exception <a 'java/net/SocketTimeoutException': Read timed out> (0x000000076c0cd560) thrown at [C:\re\workspace\8-2-build-windows-amd64-cygwin\jdk8u201\12322\hotspot\src\share\vm\prims\jni.cpp, line 735]
Event: 9.561 Thread 0x0000000002fb5000 Exception <a 'java/net/SocketTimeoutException': Read timed out> (0x000000076c63bb38) thrown at [C:\re\workspace\8-2-build-windows-amd64-cygwin\jdk8u201\12322\hotspot\src\share\vm\prims\jni.cpp, line 735]
Event: 9.665 Thread 0x0000000002fb5000 Exception <a 'java/net/SocketTimeoutException': Read timed out> (0x000000076c672198) thrown at [C:\re\workspace\8-2-build-windows-amd64-cygwin\jdk8u201\12322\hotspot\src\share\vm\prims\jni.cpp, line 735]
Event: 9.802 Thread 0x0000000002fb5000 Exception <a 'java/net/SocketTimeoutException': Read timed out> (0x000000076c689c10) thrown at [C:\re\workspace\8-2-build-windows-amd64-cygwin\jdk8u201\12322\hotspot\src\share\vm\prims\jni.cpp, line 735]
Event: 9.987 Thread 0x0000000002fb5000 Exception <a 'java/net/SocketTimeoutException': Read timed out> (0x000000076cacbe38) thrown at [C:\re\workspace\8-2-build-windows-amd64-cygwin\jdk8u201\12322\hotspot\src\share\vm\prims\jni.cpp, line 735]
Event: 10.122 Thread 0x0000000002fb5000 Exception <a 'java/net/SocketTimeoutException': Read timed out> (0x000000076caf8358) thrown at [C:\re\workspace\8-2-build-windows-amd64-cygwin\jdk8u201\12322\hotspot\src\share\vm\prims\jni.cpp, line 735]
Event: 10.466 Thread 0x0000000002fb5000 Exception <a 'java/net/SocketTimeoutException': Read timed out> (0x000000076cb0fd00) thrown at [C:\re\workspace\8-2-build-windows-amd64-cygwin\jdk8u201\12322\hotspot\src\share\vm\prims\jni.cpp, line 735]
Event: 10.509 Thread 0x0000000002fb5000 Exception <a 'java/net/SocketTimeoutException': Read timed out> (0x000000076cf519e0) thrown at [C:\re\workspace\8-2-build-windows-amd64-cygwin\jdk8u201\12322\hotspot\src\share\vm\prims\jni.cpp, line 735]
Event: 10.573 Thread 0x0000000002fb5000 Exception <a 'java/net/SocketTimeoutException': Read timed out> (0x000000076cf7df00) thrown at [C:\re\workspace\8-2-build-windows-amd64-cygwin\jdk8u201\12322\hotspot\src\share\vm\prims\jni.cpp, line 735]
Event: 10.725 Thread 0x0000000002fb5000 Exception <a 'java/net/SocketTimeoutException': Read timed out> (0x000000076cf96310) thrown at [C:\re\workspace\8-2-build-windows-amd64-cygwin\jdk8u201\12322\hotspot\src\share\vm\prims\jni.cpp, line 735]

Events (10 events):
Event: 6964.770 Executing VM operation: GetOwnedMonitorInfo done
Event: 7006.775 Executing VM operation: GetCurrentContendedMonitor
Event: 7006.775 Executing VM operation: GetCurrentContendedMonitor done
Event: 7006.775 Executing VM operation: GetOwnedMonitorInfo
Event: 7006.775 Executing VM operation: GetOwnedMonitorInfo done
Event: 7016.108 Executing VM operation: GetCurrentContendedMonitor
Event: 7016.108 Executing VM operation: GetCurrentContendedMonitor done
Event: 7016.108 Executing VM operation: GetOwnedMonitorInfo
Event: 7016.108 Executing VM operation: GetOwnedMonitorInfo done
Event: 7018.209 Executing VM operation: GetOrSetLocal


Dynamic libraries:
0x00007ff6153e0000 - 0x00007ff615417000 	C:\Program Files\Java\jdk1.8.0_201\bin\javaw.exe
0x00007ffae1a90000 - 0x00007ffae1c88000 	C:\Windows\SYSTEM32\ntdll.dll
0x00007ffadfad0000 - 0x00007ffadfb8f000 	C:\Windows\System32\KERNEL32.DLL
0x00007ffadf2b0000 - 0x00007ffadf582000 	C:\Windows\System32\KERNELBASE.dll
0x00007ffae0f00000 - 0x00007ffae0fae000 	C:\Windows\System32\ADVAPI32.dll
0x00007ffadfbe0000 - 0x00007ffadfc7e000 	C:\Windows\System32\msvcrt.dll
0x00007ffae00f0000 - 0x00007ffae018c000 	C:\Windows\System32\sechost.dll
0x00007ffae14b0000 - 0x00007ffae15d5000 	C:\Windows\System32\RPCRT4.dll
0x00007ffae0d50000 - 0x00007ffae0ef1000 	C:\Windows\System32\USER32.dll
0x00007ffadf280000 - 0x00007ffadf2a2000 	C:\Windows\System32\win32u.dll
0x00007ffadfbb0000 - 0x00007ffadfbdb000 	C:\Windows\System32\GDI32.dll
0x00007ffadf590000 - 0x00007ffadf69f000 	C:\Windows\System32\gdi32full.dll
0x00007ffadfa30000 - 0x00007ffadfacd000 	C:\Windows\System32\msvcp_win.dll
0x00007ffadf180000 - 0x00007ffadf280000 	C:\Windows\System32\ucrtbase.dll
0x00007ffad07c0000 - 0x00007ffad0a5a000 	C:\Windows\WinSxS\amd64_microsoft.windows.common-controls_6595b64144ccf1df_6.0.19041.1110_none_60b5254171f9507e\COMCTL32.dll
0x00007ffae1690000 - 0x00007ffae16c2000 	C:\Windows\System32\IMM32.DLL
0x000000005e5b0000 - 0x000000005e681000 	C:\Program Files\Java\jdk1.8.0_201\jre\bin\msvcr100.dll
0x000000005e770000 - 0x000000005f014000 	C:\Program Files\Java\jdk1.8.0_201\jre\bin\server\jvm.dll
0x00007ffadfba0000 - 0x00007ffadfba8000 	C:\Windows\System32\PSAPI.DLL
0x00007ffad31e0000 - 0x00007ffad31e9000 	C:\Windows\SYSTEM32\WSOCK32.dll
0x00007ffae1440000 - 0x00007ffae14ab000 	C:\Windows\System32\WS2_32.dll
0x00007ffaadde0000 - 0x00007ffaade07000 	C:\Windows\SYSTEM32\WINMM.dll
0x00007ffad9540000 - 0x00007ffad954a000 	C:\Windows\SYSTEM32\VERSION.dll
0x00007ffad6c20000 - 0x00007ffad6c2f000 	C:\Program Files\Java\jdk1.8.0_201\jre\bin\verify.dll
0x00007ffa999e0000 - 0x00007ffa99a09000 	C:\Program Files\Java\jdk1.8.0_201\jre\bin\java.dll
0x00007ffac1c70000 - 0x00007ffac1ca5000 	C:\Program Files\Java\jdk1.8.0_201\jre\bin\jdwp.dll
0x00007ffad9020000 - 0x00007ffad9028000 	C:\Program Files\Java\jdk1.8.0_201\jre\bin\npt.dll
0x00007ffaa1090000 - 0x00007ffaa10a6000 	C:\Program Files\Java\jdk1.8.0_201\jre\bin\zip.dll
0x00007ffae0190000 - 0x00007ffae08d4000 	C:\Windows\System32\SHELL32.dll
0x00007ffadd120000 - 0x00007ffadd8b2000 	C:\Windows\SYSTEM32\windows.storage.dll
0x00007ffadfc80000 - 0x00007ffadffd5000 	C:\Windows\System32\combase.dll
0x00007ffadeb00000 - 0x00007ffadeb30000 	C:\Windows\SYSTEM32\Wldp.dll
0x00007ffae16d0000 - 0x00007ffae177d000 	C:\Windows\System32\SHCORE.dll
0x00007ffae1140000 - 0x00007ffae1195000 	C:\Windows\System32\shlwapi.dll
0x00007ffadf0c0000 - 0x00007ffadf0df000 	C:\Windows\SYSTEM32\profapi.dll
0x00007ffad9010000 - 0x00007ffad9019000 	C:\Program Files\Java\jdk1.8.0_201\jre\bin\dt_socket.dll
0x00007ffaae710000 - 0x00007ffaae727000 	C:\Windows\system32\napinsp.dll
0x00007ffaae6f0000 - 0x00007ffaae70b000 	C:\Windows\system32\pnrpnsp.dll
0x00007ffad82f0000 - 0x00007ffad8305000 	C:\Windows\system32\wshbth.dll
0x00007ffad9400000 - 0x00007ffad941d000 	C:\Windows\system32\NLAapi.dll
0x00007ffade550000 - 0x00007ffade58b000 	C:\Windows\SYSTEM32\IPHLPAPI.DLL
0x00007ffade860000 - 0x00007ffade8ca000 	C:\Windows\System32\mswsock.dll
0x00007ffade590000 - 0x00007ffade65a000 	C:\Windows\SYSTEM32\DNSAPI.dll
0x00007ffae1430000 - 0x00007ffae1438000 	C:\Windows\System32\NSI.dll
0x00007ffaae6d0000 - 0x00007ffaae6e2000 	C:\Windows\System32\winrnr.dll
0x00007ffad56c0000 - 0x00007ffad5740000 	C:\Windows\System32\fwpuclnt.dll
0x00007ffadfa00000 - 0x00007ffadfa27000 	C:\Windows\System32\bcrypt.dll
0x00007ffad5170000 - 0x00007ffad517a000 	C:\Windows\System32\rasadhlp.dll
0x00007ffa98a00000 - 0x00007ffa98a1a000 	C:\Program Files\Java\jdk1.8.0_201\jre\bin\net.dll
0x00007ffacdd80000 - 0x00007ffacdf6d000 	C:\Windows\SYSTEM32\urlmon.dll
0x00007fface280000 - 0x00007fface531000 	C:\Windows\SYSTEM32\iertutil.dll
0x00007ffacdd00000 - 0x00007ffacdd28000 	C:\Windows\SYSTEM32\srvcli.dll
0x00007ffade6b0000 - 0x00007ffade6bc000 	C:\Windows\SYSTEM32\netutils.dll
0x00007ffadea50000 - 0x00007ffadea68000 	C:\Windows\SYSTEM32\CRYPTSP.dll
0x00007ffade180000 - 0x00007ffade1b4000 	C:\Windows\system32\rsaenh.dll
0x00007ffadf080000 - 0x00007ffadf0ae000 	C:\Windows\SYSTEM32\USERENV.dll
0x00007ffadf6a0000 - 0x00007ffadf722000 	C:\Windows\System32\bcryptprimitives.dll
0x00007ffadea70000 - 0x00007ffadea7c000 	C:\Windows\SYSTEM32\CRYPTBASE.dll
0x00007ffad6e30000 - 0x00007ffad6e47000 	C:\Windows\SYSTEM32\dhcpcsvc6.DLL
0x00007ffad76c0000 - 0x00007ffad76dd000 	C:\Windows\SYSTEM32\dhcpcsvc.DLL
0x00007ffa87580000 - 0x00007ffa87591000 	C:\Program Files\Java\jdk1.8.0_201\jre\bin\nio.dll
0x00007ffad83c0000 - 0x00007ffad83e4000 	C:\Program Files\Java\jdk1.8.0_201\jre\bin\sunec.dll
0x00007ffadbb50000 - 0x00007ffadbb5b000 	C:\Program Files\Java\jdk1.8.0_201\jre\bin\sunmscapi.dll
0x00007ffadf730000 - 0x00007ffadf886000 	C:\Windows\System32\CRYPT32.dll

VM Arguments:
jvm_args: -agentlib:jdwp=transport=dt_socket,suspend=y,address=localhost:61254 -ea -Dfile.encoding=Cp1252 
java_command: org.testng.remote.RemoteTestNG -serport 61253 -protocol json -d D:\ExtReports\Selenium4\test-output C:\Users\DELL\AppData\Local\Temp\testng-eclipse--754411287\testng-customsuite.xml
java_class_path (initial): D:\eclipse\plugins\org.testng.eclipse_6.9.12.201607091356\lib\testng-remote.jar;C:\Program Files\Java\jdk1.8.0_201\jre\lib\resources.jar;C:\Program Files\Java\jdk1.8.0_201\jre\lib\rt.jar;C:\Program Files\Java\jdk1.8.0_201\jre\lib\jsse.jar;C:\Program Files\Java\jdk1.8.0_201\jre\lib\jce.jar;C:\Program Files\Java\jdk1.8.0_201\jre\lib\charsets.jar;C:\Program Files\Java\jdk1.8.0_201\jre\lib\jfr.jar;C:\Program Files\Java\jdk1.8.0_201\jre\lib\ext\access-bridge-64.jar;C:\Program Files\Java\jdk1.8.0_201\jre\lib\ext\cldrdata.jar;C:\Program Files\Java\jdk1.8.0_201\jre\lib\ext\dnsns.jar;C:\Program Files\Java\jdk1.8.0_201\jre\lib\ext\jaccess.jar;C:\Program Files\Java\jdk1.8.0_201\jre\lib\ext\jfxrt.jar;C:\Program Files\Java\jdk1.8.0_201\jre\lib\ext\localedata.jar;C:\Program Files\Java\jdk1.8.0_201\jre\lib\ext\nashorn.jar;C:\Program Files\Java\jdk1.8.0_201\jre\lib\ext\sunec.jar;C:\Program Files\Java\jdk1.8.0_201\jre\lib\ext\sunjce_provider.jar;C:\Program Files\Java\jdk1.8.0_201\jre\lib\ext\sunmscapi.jar;C:\Program Files\Java\jdk1.8.0_201\jre\lib\ext\sunpkcs11.jar;C:\Program Files\Java\jdk1.8.0_201\jre\lib\ext\zipfs.jar;D:\ExtReports\Selenium4\target\test-classes;D:\ExtReports\Selenium4\target\classes;C:\Users\DELL\.m2\repository\junit\junit\4.13\junit-4.13.jar;C:\Users\DELL\.m2\repository\org\hamcrest\hamcrest-core\1.3\hamcrest-core-1.3.jar;C:\Users\DELL\.m2\repository\org\seleniumhq\selenium\selenium-java\4.0.0-alpha-3\selenium-java-4.0.0-alpha-3.jar;C:\Users\DELL\.m2\repository\org\seleniumhq\selenium\selenium-api\4.0.0-alpha-3\selenium-api-4.0.0-alpha-3.jar;C:\Users\DELL\.m2\repository\org\seleniumhq\selenium\selenium-chrome-driver\4.0.0-alpha-3\selenium-chrome-driver-4.0.0-alpha-3.jar;C:\Users\DELL\.m2\repository\com\google\guava\guava\27.1-jre\guava-27.1-jre.jar;C:\Users\DELL\.m2\repository\com\google\guava\failureaccess\1.0.1\failureaccess-1.0.1.jar;C:\Users\DELL\.m2\repository\com\google\guava\listenablefuture\9999.0-empty-to-avoid-conflict-with
Launcher Type: SUN_STANDARD

Environment Variables:
PATH=C:\Program Files\Java\jdk1.8.0_201\jre\bin;C:/Program Files/Java/jdk1.8.0_201/bin/../jre/bin/server;C:/Program Files/Java/jdk1.8.0_201/bin/../jre/bin;C:/Program Files/Java/jdk1.8.0_201/bin/../jre/lib/amd64;C:\Windows\system32;C:\Windows;C:\Windows\System32\Wbem;C:\Windows\System32\WindowsPowerShell\v1.0\;C:\Windows\System32\OpenSSH\;C:\Program Files\dotnet\;C:\Program Files\Intel\WiFi\bin\;C:\Program Files\Common Files\Intel\WirelessCommon\;C:\Program Files (x86)\Intel\Intel(R) Management Engine Components\DAL;C:\Program Files\Intel\Intel(R) Management Engine Components\DAL;C:\Program Files\Java\jdk1.8.0_201\bin;C:\Program Files\Git\cmd;C:\Program Files\PuTTY\;C:\Users\DELL\AppData\Local\Microsoft\WindowsApps;;D:\eclipse;
USERNAME=DELL
OS=Windows_NT
PROCESSOR_IDENTIFIER=Intel64 Family 6 Model 78 Stepping 3, GenuineIntel



---------------  S Y S T E M  ---------------

OS: Windows 10.0 , 64 bit Build 19041 (10.0.19041.2364)

CPU:total 4 (initial active 4) (2 cores per cpu, 2 threads per core) family 6 model 78 stepping 3, cmov, cx8, fxsr, mmx, sse, sse2, sse3, ssse3, sse4.1, sse4.2, popcnt, avx, avx2, aes, clmul, erms, rtm, 3dnowpref, lzcnt, ht, tsc, tscinvbit, bmi1, bmi2, adx

Memory: 4k page, physical 16670132k(5733816k free), swap 20216764k(2696336k free)

vm_info: Java HotSpot(TM) 64-Bit Server VM (25.201-b09) for windows-amd64 JRE (1.8.0_201-b09), built on Dec 15 2018 18:36:39 by "java_re" with MS VC++ 10.0 (VS2010)

time: Mon Jun 12 16:35:08 2023
timezone: India Standard Time
elapsed time: 7018 seconds (0d 1h 56m 58s)

